    WARNING: The code points  (U+e231f) exist in the entry for VK_1, ShiftState 'Base' of the ligature table and are not in the default system code page (1252) of the English (United States) language you specified. This may cause compatibility problems in non-Unicode applications.
    WARNING: The code points  (U+e235f) exist in the entry for VK_1, ShiftState 'Shift' of the ligature table and are not in the default system code page (1252) of the English (United States) language you specified. This may cause compatibility problems in non-Unicode applications.
    WARNING: The code points  (U+e232f) exist in the entry for VK_2, ShiftState 'Base' of the ligature table and are not in the default system code page (1252) of the English (United States) language you specified. This may cause compatibility problems in non-Unicode applications.
    WARNING: The code points  (U+e233f) exist in the entry for VK_3, ShiftState 'Base' of the ligature table and are not in the default system code page (1252) of the English (United States) language you specified. This may cause compatibility problems in non-Unicode applications.
    WARNING: The code points  (U+e234f) exist in the entry for VK_4, ShiftState 'Base' of the ligature table and are not in the default system code page (1252) of the English (United States) language you specified. This may cause compatibility problems in non-Unicode applications.
    WARNING: The code points  (U+e2450) exist in the entry for VK_A, ShiftState 'Base' of the ligature table and are not in the default system code page (1252) of the English (United States) language you specified. This may cause compatibility problems in non-Unicode applications.
    WARNING: The code points  (U+e24f1) exist in the entry for VK_A, ShiftState 'Shift' of the ligature table and are not in the default system code page (1252) of the English (United States) language you specified. This may cause compatibility problems in non-Unicode applications.
    WARNING: The code points  (U+e23b0) exist in the entry for VK_B, ShiftState 'Base' of the ligature table and are not in the default system code page (1252) of the English (United States) language you specified. This may cause compatibility problems in non-Unicode applications.
    WARNING: The code points  (U+e2380) exist in the entry for VK_C, ShiftState 'Base' of the ligature table and are not in the default system code page (1252) of the English (United States) language you specified. This may cause compatibility problems in non-Unicode applications.
    WARNING: The code points  (U+e23c0) exist in the entry for VK_D, ShiftState 'Base' of the ligature table and are not in the default system code page (1252) of the English (United States) language you specified. This may cause compatibility problems in non-Unicode applications.
    WARNING: The code points  (U+e2460) exist in the entry for VK_E, ShiftState 'Base' of the ligature table and are not in the default system code page (1252) of the English (United States) language you specified. This may cause compatibility problems in non-Unicode applications.
    WARNING: The code points  (U+e24f2) exist in the entry for VK_E, ShiftState 'Shift' of the ligature table and are not in the default system code page (1252) of the English (United States) language you specified. This may cause compatibility problems in non-Unicode applications.
    WARNING: The code points  (U+e2350) exist in the entry for VK_F, ShiftState 'Base' of the ligature table and are not in the default system code page (1252) of the English (United States) language you specified. This may cause compatibility problems in non-Unicode applications.
    WARNING: The code points  (U+e23d0) exist in the entry for VK_G, ShiftState 'Base' of the ligature table and are not in the default system code page (1252) of the English (United States) language you specified. This may cause compatibility problems in non-Unicode applications.
    WARNING: The code points  (U+e2310) exist in the entry for VK_H, ShiftState 'Base' of the ligature table and are not in the default system code page (1252) of the English (United States) language you specified. This may cause compatibility problems in non-Unicode applications.
    WARNING: The code points  (U+e2470) exist in the entry for VK_I, ShiftState 'Base' of the ligature table and are not in the default system code page (1252) of the English (United States) language you specified. This may cause compatibility problems in non-Unicode applications.
    WARNING: The code points  (U+e24f3) exist in the entry for VK_I, ShiftState 'Shift' of the ligature table and are not in the default system code page (1252) of the English (United States) language you specified. This may cause compatibility problems in non-Unicode applications.
    WARNING: The code points  (U+e2410) exist in the entry for VK_J, ShiftState 'Base' of the ligature table and are not in the default system code page (1252) of the English (United States) language you specified. This may cause compatibility problems in non-Unicode applications.
    WARNING: The code points  (U+e2340) exist in the entry for VK_K, ShiftState 'Base' of the ligature table and are not in the default system code page (1252) of the English (United States) language you specified. This may cause compatibility problems in non-Unicode applications.
    WARNING: The code points  (U+e2360) exist in the entry for VK_L, ShiftState 'Base' of the ligature table and are not in the default system code page (1252) of the English (United States) language you specified. This may cause compatibility problems in non-Unicode applications.
    WARNING: The code points  (U+e2390) exist in the entry for VK_M, ShiftState 'Base' of the ligature table and are not in the default system code page (1252) of the English (United States) language you specified. This may cause compatibility problems in non-Unicode applications.
    WARNING: The code points  (U+e2420) exist in the entry for VK_N, ShiftState 'Base' of the ligature table and are not in the default system code page (1252) of the English (United States) language you specified. This may cause compatibility problems in non-Unicode applications.
    WARNING: The code points  (U+e2480) exist in the entry for VK_O, ShiftState 'Base' of the ligature table and are not in the default system code page (1252) of the English (United States) language you specified. This may cause compatibility problems in non-Unicode applications.
    WARNING: The code points  (U+e24f4) exist in the entry for VK_O, ShiftState 'Shift' of the ligature table and are not in the default system code page (1252) of the English (United States) language you specified. This may cause compatibility problems in non-Unicode applications.
    WARNING: The code points  (U+e2320) exist in the entry for VK_P, ShiftState 'Base' of the ligature table and are not in the default system code page (1252) of the English (United States) language you specified. This may cause compatibility problems in non-Unicode applications.
    WARNING: The code points  (U+e2430) exist in the entry for VK_Q, ShiftState 'Base' of the ligature table and are not in the default system code page (1252) of the English (United States) language you specified. This may cause compatibility problems in non-Unicode applications.
    WARNING: The code points  (U+e23f0) exist in the entry for VK_R, ShiftState 'Base' of the ligature table and are not in the default system code page (1252) of the English (United States) language you specified. This may cause compatibility problems in non-Unicode applications.
    WARNING: The code points  (U+e2370) exist in the entry for VK_S, ShiftState 'Base' of the ligature table and are not in the default system code page (1252) of the English (United States) language you specified. This may cause compatibility problems in non-Unicode applications.
    WARNING: The code points  (U+e2330) exist in the entry for VK_T, ShiftState 'Base' of the ligature table and are not in the default system code page (1252) of the English (United States) language you specified. This may cause compatibility problems in non-Unicode applications.
    WARNING: The code points  (U+e2490) exist in the entry for VK_U, ShiftState 'Base' of the ligature table and are not in the default system code page (1252) of the English (United States) language you specified. This may cause compatibility problems in non-Unicode applications.
    WARNING: The code points  (U+e24f5) exist in the entry for VK_U, ShiftState 'Shift' of the ligature table and are not in the default system code page (1252) of the English (United States) language you specified. This may cause compatibility problems in non-Unicode applications.
    WARNING: The code points  (U+e23e0) exist in the entry for VK_V, ShiftState 'Base' of the ligature table and are not in the default system code page (1252) of the English (United States) language you specified. This may cause compatibility problems in non-Unicode applications.
    WARNING: The code points  (U+e2440) exist in the entry for VK_W, ShiftState 'Base' of the ligature table and are not in the default system code page (1252) of the English (United States) language you specified. This may cause compatibility problems in non-Unicode applications.
    WARNING: The code points  (U+e23a0) exist in the entry for VK_X, ShiftState 'Base' of the ligature table and are not in the default system code page (1252) of the English (United States) language you specified. This may cause compatibility problems in non-Unicode applications.
    WARNING: The code points  (U+e24a0) exist in the entry for VK_Y, ShiftState 'Base' of the ligature table and are not in the default system code page (1252) of the English (United States) language you specified. This may cause compatibility problems in non-Unicode applications.
    WARNING: The code points  (U+e24f6) exist in the entry for VK_Y, ShiftState 'Shift' of the ligature table and are not in the default system code page (1252) of the English (United States) language you specified. This may cause compatibility problems in non-Unicode applications.
    WARNING: The code points  (U+e2400) exist in the entry for VK_Z, ShiftState 'Base' of the ligature table and are not in the default system code page (1252) of the English (United States) language you specified. This may cause compatibility problems in non-Unicode applications.
    WARNING: The code points  (U+e230f) exist in the entry for VK_OEM_COMMA, ShiftState 'Base' of the ligature table and are not in the default system code page (1252) of the English (United States) language you specified. This may cause compatibility problems in non-Unicode applications.
    WARNING: The code points  (U+e23cf) exist in the entry for VK_OEM_MINUS, ShiftState 'Base' of the ligature table and are not in the default system code page (1252) of the English (United States) language you specified. This may cause compatibility problems in non-Unicode applications.
    WARNING: The code points  (U+e2300) exist in the entry for VK_OEM_PERIOD, ShiftState 'Base' of the ligature table and are not in the default system code page (1252) of the English (United States) language you specified. This may cause compatibility problems in non-Unicode applications.
    WARNING:  (U+e2310) is already defined more than once on the keyboard (on VK_OEM_7, ShiftState 'Base' and VK_H, ShiftState 'Base').
